<?xml version="1.0" encoding="UTF-8"?>
<testng-results skipped="0" failed="0" ignored="0" total="2" passed="2">
  <reporter-output>
  </reporter-output>
  <suite name="Default suite" duration-ms="1184" started-at="2019-08-21T14:30:28Z" finished-at="2019-08-21T14:30:29Z">
    <groups>
    </groups>
    <test name="Default test" duration-ms="1184" started-at="2019-08-21T14:30:28Z" finished-at="2019-08-21T14:30:29Z">
      <class name="atmecs.Testjdbc">
        <test-method status="PASS" signature="testingconnection()[pri:0, instance:atmecs.Testjdbc@2ef5e5e3]" name="testingconnection" is-config="true" duration-ms="1019" started-at="2019-08-21T14:30:28Z" finished-at="2019-08-21T14:30:29Z">
          <reporter-output>
          </reporter-output>
        </test-method> <!-- testingconnection -->
        <test-method status="PASS" signature="beforeconnection()[pri:1, instance:atmecs.Testjdbc@2ef5e5e3]" name="beforeconnection" duration-ms="6" started-at="2019-08-21T14:30:29Z" finished-at="2019-08-21T14:30:29Z">
          <reporter-output>
          </reporter-output>
        </test-method> <!-- beforeconnection -->
        <test-method status="PASS" signature="fetcinghdata()[pri:2, instance:atmecs.Testjdbc@2ef5e5e3]" name="fetcinghdata" duration-ms="124" started-at="2019-08-21T14:30:29Z" finished-at="2019-08-21T14:30:29Z">
          <reporter-output>
          </reporter-output>
        </test-method> <!-- fetcinghdata -->
        <test-method status="PASS" signature="afterconnection()[pri:0, instance:atmecs.Testjdbc@2ef5e5e3]" name="afterconnection" is-config="true" duration-ms="1" started-at="2019-08-21T14:30:29Z" finished-at="2019-08-21T14:30:29Z">
          <reporter-output>
          </reporter-output>
        </test-method> <!-- afterconnection -->
      </class> <!-- atmecs.Testjdbc -->
    </test> <!-- Default test -->
  </suite> <!-- Default suite -->
</testng-results>
